  main.cpp
C:\Users\pc\source\repos\Chess_game_Project\Chess_game_Project\functions.h(30,22): warning C4834: discarding return value of function with [[nodiscard]] attribute
  (compiling source file 'main.cpp')
  
C:\Users\pc\source\repos\Chess_game_Project\Chess_game_Project\functions.h(32,24): warning C4305: 'argument': truncation from 'double' to 'T'
C:\Users\pc\source\repos\Chess_game_Project\Chess_game_Project\functions.h(32,24): warning C4305:         with
C:\Users\pc\source\repos\Chess_game_Project\Chess_game_Project\functions.h(32,24): warning C4305:         [
C:\Users\pc\source\repos\Chess_game_Project\Chess_game_Project\functions.h(32,24): warning C4305:             T=float
C:\Users\pc\source\repos\Chess_game_Project\Chess_game_Project\functions.h(32,24): warning C4305:         ]
  (compiling source file 'main.cpp')
  
C:\Users\pc\source\repos\Chess_game_Project\Chess_game_Project\functions.h(32,19): warning C4305: 'argument': truncation from 'double' to 'T'
C:\Users\pc\source\repos\Chess_game_Project\Chess_game_Project\functions.h(32,19): warning C4305:         with
C:\Users\pc\source\repos\Chess_game_Project\Chess_game_Project\functions.h(32,19): warning C4305:         [
C:\Users\pc\source\repos\Chess_game_Project\Chess_game_Project\functions.h(32,19): warning C4305:             T=float
C:\Users\pc\source\repos\Chess_game_Project\Chess_game_Project\functions.h(32,19): warning C4305:         ]
  (compiling source file 'main.cpp')
  
C:\Users\pc\source\repos\Chess_game_Project\Chess_game_Project\functions.h(177,21): warning C4834: discarding return value of function with [[nodiscard]] attribute
  (compiling source file 'main.cpp')
  
C:\Users\pc\source\repos\Chess_game_Project\Chess_game_Project\functions.h(181,21): warning C4834: discarding return value of function with [[nodiscard]] attribute
  (compiling source file 'main.cpp')
  
C:\Users\pc\source\repos\Chess_game_Project\Chess_game_Project\functions.h(184,25): warning C4305: 'argument': truncation from 'double' to 'T'
C:\Users\pc\source\repos\Chess_game_Project\Chess_game_Project\functions.h(184,25): warning C4305:         with
C:\Users\pc\source\repos\Chess_game_Project\Chess_game_Project\functions.h(184,25): warning C4305:         [
C:\Users\pc\source\repos\Chess_game_Project\Chess_game_Project\functions.h(184,25): warning C4305:             T=float
C:\Users\pc\source\repos\Chess_game_Project\Chess_game_Project\functions.h(184,25): warning C4305:         ]
  (compiling source file 'main.cpp')
  
C:\Users\pc\source\repos\Chess_game_Project\Chess_game_Project\functions.h(184,20): warning C4305: 'argument': truncation from 'double' to 'T'
C:\Users\pc\source\repos\Chess_game_Project\Chess_game_Project\functions.h(184,20): warning C4305:         with
C:\Users\pc\source\repos\Chess_game_Project\Chess_game_Project\functions.h(184,20): warning C4305:         [
C:\Users\pc\source\repos\Chess_game_Project\Chess_game_Project\functions.h(184,20): warning C4305:             T=float
C:\Users\pc\source\repos\Chess_game_Project\Chess_game_Project\functions.h(184,20): warning C4305:         ]
  (compiling source file 'main.cpp')
  
C:\Users\pc\source\repos\Chess_game_Project\Chess_game_Project\functions.h(218,26): warning C4834: discarding return value of function with [[nodiscard]] attribute
  (compiling source file 'main.cpp')
  
C:\Users\pc\source\repos\Chess_game_Project\Chess_game_Project\functions.h(281,23): warning C4834: discarding return value of function with [[nodiscard]] attribute
  (compiling source file 'main.cpp')
  
C:\Users\pc\source\repos\Chess_game_Project\Chess_game_Project\functions.h(282,22): warning C4834: discarding return value of function with [[nodiscard]] attribute
  (compiling source file 'main.cpp')
  
C:\Users\pc\source\repos\Chess_game_Project\Chess_game_Project\functions.h(283,24): warning C4834: discarding return value of function with [[nodiscard]] attribute
  (compiling source file 'main.cpp')
  
C:\Users\pc\source\repos\Chess_game_Project\Chess_game_Project\functions.h(284,24): warning C4834: discarding return value of function with [[nodiscard]] attribute
  (compiling source file 'main.cpp')
  
C:\Users\pc\source\repos\Chess_game_Project\Chess_game_Project\functions.h(288,23): warning C4834: discarding return value of function with [[nodiscard]] attribute
  (compiling source file 'main.cpp')
  
C:\Users\pc\source\repos\Chess_game_Project\Chess_game_Project\functions.h(289,22): warning C4834: discarding return value of function with [[nodiscard]] attribute
  (compiling source file 'main.cpp')
  
C:\Users\pc\source\repos\Chess_game_Project\Chess_game_Project\functions.h(290,24): warning C4834: discarding return value of function with [[nodiscard]] attribute
  (compiling source file 'main.cpp')
  
C:\Users\pc\source\repos\Chess_game_Project\Chess_game_Project\functions.h(291,24): warning C4834: discarding return value of function with [[nodiscard]] attribute
  (compiling source file 'main.cpp')
  
C:\Users\pc\source\repos\Chess_game_Project\Chess_game_Project\functions.h(382,25): warning C4834: discarding return value of function with [[nodiscard]] attribute
  (compiling source file 'main.cpp')
  
C:\Users\pc\source\repos\Chess_game_Project\Chess_game_Project\functions.h(384,21): warning C4305: 'argument': truncation from 'double' to 'T'
C:\Users\pc\source\repos\Chess_game_Project\Chess_game_Project\functions.h(384,21): warning C4305:         with
C:\Users\pc\source\repos\Chess_game_Project\Chess_game_Project\functions.h(384,21): warning C4305:         [
C:\Users\pc\source\repos\Chess_game_Project\Chess_game_Project\functions.h(384,21): warning C4305:             T=float
C:\Users\pc\source\repos\Chess_game_Project\Chess_game_Project\functions.h(384,21): warning C4305:         ]
  (compiling source file 'main.cpp')
  
C:\Users\pc\source\repos\Chess_game_Project\Chess_game_Project\functions.h(397,19): warning C4834: discarding return value of function with [[nodiscard]] attribute
  (compiling source file 'main.cpp')
  
C:\Users\pc\source\repos\Chess_game_Project\Chess_game_Project\functions.h(404,19): warning C4834: discarding return value of function with [[nodiscard]] attribute
  (compiling source file 'main.cpp')
  
C:\Users\pc\source\repos\Chess_game_Project\Chess_game_Project\functions.h(411,22): warning C4834: discarding return value of function with [[nodiscard]] attribute
  (compiling source file 'main.cpp')
  
C:\Users\pc\source\repos\Chess_game_Project\Chess_game_Project\functions.h(418,22): warning C4834: discarding return value of function with [[nodiscard]] attribute
  (compiling source file 'main.cpp')
  
C:\Users\pc\source\repos\Chess_game_Project\Chess_game_Project\functions.h(425,19): warning C4834: discarding return value of function with [[nodiscard]] attribute
  (compiling source file 'main.cpp')
  
C:\Users\pc\source\repos\Chess_game_Project\Chess_game_Project\functions.h(432,19): warning C4834: discarding return value of function with [[nodiscard]] attribute
  (compiling source file 'main.cpp')
  
C:\Users\pc\source\repos\Chess_game_Project\Chess_game_Project\functions.h(439,19): warning C4834: discarding return value of function with [[nodiscard]] attribute
  (compiling source file 'main.cpp')
  
C:\Users\pc\source\repos\Chess_game_Project\Chess_game_Project\functions.h(446,19): warning C4834: discarding return value of function with [[nodiscard]] attribute
  (compiling source file 'main.cpp')
  
C:\Users\pc\source\repos\Chess_game_Project\Chess_game_Project\functions.h(453,19): warning C4834: discarding return value of function with [[nodiscard]] attribute
  (compiling source file 'main.cpp')
  
C:\Users\pc\source\repos\Chess_game_Project\Chess_game_Project\functions.h(460,19): warning C4834: discarding return value of function with [[nodiscard]] attribute
  (compiling source file 'main.cpp')
  
C:\Users\pc\source\repos\Chess_game_Project\Chess_game_Project\functions.h(467,19): warning C4834: discarding return value of function with [[nodiscard]] attribute
  (compiling source file 'main.cpp')
  
C:\Users\pc\source\repos\Chess_game_Project\Chess_game_Project\functions.h(474,19): warning C4834: discarding return value of function with [[nodiscard]] attribute
  (compiling source file 'main.cpp')
  
C:\Users\pc\source\repos\Chess_game_Project\Chess_game_Project\main.cpp(23,19): warning C4834: discarding return value of function with [[nodiscard]] attribute
C:\Users\pc\source\repos\Chess_game_Project\Chess_game_Project\main.cpp(24,20): warning C4834: discarding return value of function with [[nodiscard]] attribute
C:\Users\pc\source\repos\Chess_game_Project\Chess_game_Project\main.cpp(26,25): warning C4834: discarding return value of function with [[nodiscard]] attribute
  Chess_game_Project.vcxproj -> C:\Users\pc\source\repos\Chess_game_Project\x64\Debug\Chess_game_Project.exe
